<?xml version="1.0" encoding="UTF-8"?>
<testsuite xmlns:xsi="http://www.w3.org/2001/XMLSchema-instance" xsi:noNamespaceSchemaLocation="https://maven.apache.org/surefire/maven-surefire-plugin/xsd/surefire-test-report-3.0.xsd" version="3.0" name="TestSuite" time="116.849" tests="2" errors="0" skipped="0" failures="2">
  <properties>
[...]
</properties>
  <testcase name="runScenario" classname="Runner.MyRunner" time="113.871">
    <failure message="no such window: target window already closed&#10;from unknown error: web view not found&#10;  (Session info: chrome=131.0.6778.109)&#10;Build info: version: &apos;4.8.2&apos;, revision: &apos;826dbfc730&apos;&#10;System info: os.name: &apos;Windows 10&apos;, os.arch: &apos;amd64&apos;, os.version: &apos;10.0&apos;, java.version: &apos;22.0.2&apos;&#10;Driver info: org.openqa.selenium.chrome.ChromeDriver&#10;Command: [71ae5d6c63ad47ab3df529fbef6774df, findElement {using=xpath, value=//service-list-column[text()=&apos;SA-0732&apos;]}]&#10;Capabilities {acceptInsecureCerts: false, browserName: chrome, browserVersion: 131.0.6778.109, chrome: {chromedriverVersion: 131.0.6778.108 (3b014839fbc..., userDataDir: C:\Users\DELL\AppData\Local...}, fedcm:accounts: true, goog:chromeOptions: {debuggerAddress: localhost:56998}, networkConnectionEnabled: false, pageLoadStrategy: normal, platformName: WINDOWS, proxy: Proxy(), se:cdp: ws://localhost:56998/devtoo..., se:cdpVersion: 131.0.6778.109, setWindowRect: true, strictFileInteractability: false, timeouts: {implicit: 0, pageLoad: 300000, script: 30000}, unhandledPromptBehavior: dismiss and notify, webauthn:extension:credBlob: true, webauthn:extension:largeBlob: true, webauthn:extension:minPinLength: true, webauthn:extension:prf: true, webauthn:virtualAuthenticators: true}&#10;Session ID: 71ae5d6c63ad47ab3df529fbef6774df" type="org.openqa.selenium.NoSuchWindowException">org.openqa.selenium.NoSuchWindowException: 
no such window: target window already closed
from unknown error: web view not found
  (Session info: chrome=131.0.6778.109)
Build info: version: '4.8.2', revision: '826dbfc730'
System info: os.name: 'Windows 10', os.arch: 'amd64', os.version: '10.0', java.version: '22.0.2'
Driver info: org.openqa.selenium.chrome.ChromeDriver
Command: [71ae5d6c63ad47ab3df529fbef6774df, findElement {using=xpath, value=//service-list-column[text()='SA-0732']}]
Capabilities {acceptInsecureCerts: false, browserName: chrome, browserVersion: 131.0.6778.109, chrome: {chromedriverVersion: 131.0.6778.108 (3b014839fbc..., userDataDir: C:\Users\DELL\AppData\Local...}, fedcm:accounts: true, goog:chromeOptions: {debuggerAddress: localhost:56998}, networkConnectionEnabled: false, pageLoadStrategy: normal, platformName: WINDOWS, proxy: Proxy(), se:cdp: ws://localhost:56998/devtoo..., se:cdpVersion: 131.0.6778.109, setWindowRect: true, strictFileInteractability: false, timeouts: {implicit: 0, pageLoad: 300000, script: 30000}, unhandledPromptBehavior: dismiss and notify, webauthn:extension:credBlob: true, webauthn:extension:largeBlob: true, webauthn:extension:minPinLength: true, webauthn:extension:prf: true, webauthn:virtualAuthenticators: true}
Session ID: 71ae5d6c63ad47ab3df529fbef6774df
</failure>
    <system-out><![CDATA[
@test2
Scenario: Login as service user and HAC_1005_View Site Asset from Service Appointment &amp#27;[90m# Regression/Feature/HAC_1005_SiteAssetVisibility.feature:4&amp#27;[0m
Aapplication Login
  &amp#27;[32mGiven &amp#27;[0m&amp#27;[32mLogin as SERVICE SCH USER NAME&amp#27;[0m                                                &amp#27;[90m# StepDefinitions.HAC_AccountCreation.login_as_service_sch_user_name()&amp#27;[0m
  &amp#27;[32mWhen &amp#27;[0m&amp#27;[32mHAC1005 select the applicaton&amp#27;[0m                                                  &amp#27;[90m# StepDefinitions.HAC1005SiteAssetVisibility.HAC1005_select_the_application()&amp#27;[0m
  &amp#27;[32mWhen &amp#27;[0m&amp#27;[32mHAC1005 close all the open tabs&amp#27;[0m                                                &amp#27;[90m# StepDefinitions.HAC1005SiteAssetVisibility.HAC1005_close_all_the_open_tabs()&amp#27;[0m
  &amp#27;[32mWhen &amp#27;[0m&amp#27;[32mHAC1005 click on field service tab&amp#27;[0m                                             &amp#27;[90m# StepDefinitions.HAC1005SiteAssetVisibility.HAC1005_click_on_field_service_tab()&amp#27;[0m
  &amp#27;[32mWhen &amp#27;[0m&amp#27;[32mHAC1005 select usa packaging policy&amp#27;[0m                                            &amp#27;[90m# StepDefinitions.HAC1005SiteAssetVisibility.HAC1005_select_usa_packaging_policy()&amp#27;[0m
  &amp#27;[32mWhen &amp#27;[0m&amp#27;[32mHAC1005 select service appointment filter&amp#27;[0m                                      &amp#27;[90m# StepDefinitions.HAC1005SiteAssetVisibility.HAC1005_select_sa_type()&amp#27;[0m
  &amp#27;[31mWhen &amp#27;[0m&amp#27;[31mHAC1005 select service appointment&amp#27;[0m                                             &amp#27;[90m# StepDefinitions.HAC1005SiteAssetVisibility.HAC1005_select_service_appointment()&amp#27;[0m
      &amp#27;[31morg.openqa.selenium.NoSuchWindowException: no such window: target window already closed
from unknown error: web view not found
  (Session info: chrome=131.0.6778.109)
Build info: version: '4.8.2', revision: '826dbfc730'
System info: os.name: 'Windows 10', os.arch: 'amd64', os.version: '10.0', java.version: '22.0.2'
Driver info: org.openqa.selenium.chrome.ChromeDriver
Command: [71ae5d6c63ad47ab3df529fbef6774df, findElement {using=xpath, value=//service-list-column[text()='SA-0732']}]
Capabilities {acceptInsecureCerts: false, browserName: chrome, browserVersion: 131.0.6778.109, chrome: {chromedriverVersion: 131.0.6778.108 (3b014839fbc..., userDataDir: C:\Users\DELL\AppData\Local...}, fedcm:accounts: true, goog:chromeOptions: {debuggerAddress: localhost:56998}, networkConnectionEnabled: false, pageLoadStrategy: normal, platformName: WINDOWS, proxy: Proxy(), se:cdp: ws://localhost:56998/devtoo..., se:cdpVersion: 131.0.6778.109, setWindowRect: true, strictFileInteractability: false, timeouts: {implicit: 0, pageLoad: 300000, script: 30000}, unhandledPromptBehavior: dismiss and notify, webauthn:extension:credBlob: true, webauthn:extension:largeBlob: true, webauthn:extension:minPinLength: true, webauthn:extension:prf: true, webauthn:virtualAuthenticators: true}
Session ID: 71ae5d6c63ad47ab3df529fbef6774df
	at java.base/jdk.internal.reflect.DirectConstructorHandleAccessor.newInstance(DirectConstructorHandleAccessor.java:62)
	at java.base/java.lang.reflect.Constructor.newInstanceWithCaller(Constructor.java:502)
	at java.base/java.lang.reflect.Constructor.newInstance(Constructor.java:486)
	at org.openqa.selenium.remote.codec.w3c.W3CHttpResponseCodec.createException(W3CHttpResponseCodec.java:200)
	at org.openqa.selenium.remote.codec.w3c.W3CHttpResponseCodec.decode(W3CHttpResponseCodec.java:133)
	at org.openqa.selenium.remote.codec.w3c.W3CHttpResponseCodec.decode(W3CHttpResponseCodec.java:53)
	at org.openqa.selenium.remote.HttpCommandExecutor.execute(HttpCommandExecutor.java:193)
	at org.openqa.selenium.remote.service.DriverCommandExecutor.invokeExecute(DriverCommandExecutor.java:183)
	at org.openqa.selenium.remote.service.DriverCommandExecutor.execute(DriverCommandExecutor.java:158)
	at org.openqa.selenium.remote.RemoteWebDriver.execute(RemoteWebDriver.java:543)
	at org.openqa.selenium.remote.ElementLocation$ElementFinder$2.findElement(ElementLocation.java:162)
	at org.openqa.selenium.remote.ElementLocation.findElement(ElementLocation.java:60)
	at org.openqa.selenium.remote.RemoteWebDriver.findElement(RemoteWebDriver.java:352)
	at org.openqa.selenium.remote.RemoteWebDriver.findElement(RemoteWebDriver.java:344)
	at org.openqa.selenium.support.pagefactory.DefaultElementLocator.findElement(DefaultElementLocator.java:70)
	at org.openqa.selenium.support.pagefactory.AjaxElementLocator.access$001(AjaxElementLocator.java:39)
	at org.openqa.selenium.support.pagefactory.AjaxElementLocator$SlowLoadingElement.isLoaded(AjaxElementLocator.java:165)
	at org.openqa.selenium.support.ui.SlowLoadableComponent.get(SlowLoadableComponent.java:51)
	at org.openqa.selenium.support.pagefactory.AjaxElementLocator.findElement(AjaxElementLocator.java:95)
	at org.openqa.selenium.support.pagefactory.internal.LocatingElementHandler.invoke(LocatingElementHandler.java:39)
	at jdk.proxy7/jdk.proxy7.$Proxy59.toString(Unknown Source)
	at java.base/java.lang.String.valueOf(String.java:4507)
	at java.base/java.lang.StringBuilder.append(StringBuilder.java:173)
	at org.openqa.selenium.support.ui.ExpectedConditions$23.toString(ExpectedConditions.java:673)
	at java.base/java.lang.String.valueOf(String.java:4507)
	at java.base/java.lang.StringBuilder.append(StringBuilder.java:173)
	at org.openqa.selenium.support.ui.FluentWait.until(FluentWait.java:229)
	at commonutilities.CommonFunctions.expWaitToBeClickable(CommonFunctions.java:69)
	at PageObjects.FieldServiceConsole.SelectSAFromFieldServiceConsole(FieldServiceConsole.java:193)
	at StepDefinitions.HAC1005SiteAssetVisibility.HAC1005_select_service_appointment(HAC1005SiteAssetVisibility.java:87)
	at ✽.HAC1005 select service appointment(file:///E:/SeleniumWorkSpace/HeatAndControlAutomation/Regression/Feature/HAC_1005_SiteAssetVisibility.feature:11)
&amp#27;[0m
  &amp#27;[36mWhen &amp#27;[0m&amp#27;[36mHAC1005 click edit button from service appointment&amp#27;[0m                             &amp#27;[90m# StepDefinitions.HAC1005SiteAssetVisibility.HAC1005_click_edit_button_from_service_appointment()&amp#27;[0m
  &amp#27;[36mWhen &amp#27;[0m&amp#27;[36mHAC1005 click related tab on service appointment&amp#27;[0m                               &amp#27;[90m# StepDefinitions.HAC1005SiteAssetVisibility.HAC1005_click_related_tab_on_service_appointment()&amp#27;[0m
  &amp#27;[36mThen &amp#27;[0m&amp#27;[36mHAC1005 verify site asset on service appointment&amp#27;[0m                               &amp#27;[90m# StepDefinitions.HAC1005SiteAssetVisibility.HAC1005_verify_site_asset_on_service_appointment()&amp#27;[0m
      &amp#27;[31morg.openqa.selenium.NoSuchWindowException: no such window: target window already closed
from unknown error: web view not found
  (Session info: chrome=131.0.6778.109)
Build info: version: '4.8.2', revision: '826dbfc730'
System info: os.name: 'Windows 10', os.arch: 'amd64', os.version: '10.0', java.version: '22.0.2'
Driver info: org.openqa.selenium.chrome.ChromeDriver
Command: [71ae5d6c63ad47ab3df529fbef6774df, getCurrentUrl {}]
Capabilities {acceptInsecureCerts: false, browserName: chrome, browserVersion: 131.0.6778.109, chrome: {chromedriverVersion: 131.0.6778.108 (3b014839fbc..., userDataDir: C:\Users\DELL\AppData\Local...}, fedcm:accounts: true, goog:chromeOptions: {debuggerAddress: localhost:56998}, networkConnectionEnabled: false, pageLoadStrategy: normal, platformName: WINDOWS, proxy: Proxy(), se:cdp: ws://localhost:56998/devtoo..., se:cdpVersion: 131.0.6778.109, setWindowRect: true, strictFileInteractability: false, timeouts: {implicit: 0, pageLoad: 300000, script: 30000}, unhandledPromptBehavior: dismiss and notify, webauthn:extension:credBlob: true, webauthn:extension:largeBlob: true, webauthn:extension:minPinLength: true, webauthn:extension:prf: true, webauthn:virtualAuthenticators: true}
Session ID: 71ae5d6c63ad47ab3df529fbef6774df
	at java.base/jdk.internal.reflect.DirectConstructorHandleAccessor.newInstance(DirectConstructorHandleAccessor.java:62)
	at java.base/java.lang.reflect.Constructor.newInstanceWithCaller(Constructor.java:502)
	at java.base/java.lang.reflect.Constructor.newInstance(Constructor.java:486)
	at org.openqa.selenium.remote.codec.w3c.W3CHttpResponseCodec.createException(W3CHttpResponseCodec.java:200)
	at org.openqa.selenium.remote.codec.w3c.W3CHttpResponseCodec.decode(W3CHttpResponseCodec.java:133)
	at org.openqa.selenium.remote.codec.w3c.W3CHttpResponseCodec.decode(W3CHttpResponseCodec.java:53)
	at org.openqa.selenium.remote.HttpCommandExecutor.execute(HttpCommandExecutor.java:193)
	at org.openqa.selenium.remote.service.DriverCommandExecutor.invokeExecute(DriverCommandExecutor.java:183)
	at org.openqa.selenium.remote.service.DriverCommandExecutor.execute(DriverCommandExecutor.java:158)
	at org.openqa.selenium.remote.RemoteWebDriver.execute(RemoteWebDriver.java:543)
	at org.openqa.selenium.remote.RemoteWebDriver.execute(RemoteWebDriver.java:598)
	at org.openqa.selenium.remote.RemoteWebDriver.execute(RemoteWebDriver.java:602)
	at org.openqa.selenium.remote.RemoteWebDriver.getCurrentUrl(RemoteWebDriver.java:309)
	at Hooks.hooksclass.tearDown(hooksclass.java:35)
&amp#27;[0m
]]></system-out>
    <system-err><![CDATA[SLF4J(W): No SLF4J providers were found.
SLF4J(W): Defaulting to no-operation (NOP) logger implementation
SLF4J(W): See https://www.slf4j.org/codes.html#noProviders for further details.
log4j:WARN No appenders could be found for logger (io.netty.util.internal.logging.InternalLoggerFactory).
log4j:WARN Please initialize the log4j system properly.
log4j:WARN See http://logging.apache.org/log4j/1.2/faq.html#noconfig for more info.
Starting ChromeDriver 131.0.6778.108 (3b014839fbc4fb688b2f5af512d6ce312ad208b1-refs/branch-heads/6778@{#2393}) on port 2142
Only local connections are allowed.
Please see https://chromedriver.chromium.org/security-considerations for suggestions on keeping ChromeDriver safe.
ChromeDriver was started successfully on port 2142.
Dec 12, 2024 11:03:09 PM org.openqa.selenium.devtools.CdpVersionFinder findNearestMatch
WARNING: Unable to find CDP implementation matching 131
Dec 12, 2024 11:03:09 PM org.openqa.selenium.chromium.ChromiumDriver lambda$new$3
WARNING: Unable to find version of CDP to use for . You may need to include a dependency on a specific version of the CDP using something similar to `org.seleniumhq.selenium:selenium-devtools-v86:4.8.2` where the version ("v86") matches the version of the chromium-based browser you're using and the version number of the artifact is the same as Selenium's.
]]></system-err>
  </testcase>
  <testcase name="tearDownClass" classname="Runner.MyRunner" time="114.688">
    <failure message="Failed making field &apos;java.lang.Throwable#detailMessage&apos; accessible; either increase its visibility or write a custom TypeAdapter for its declaring type." type="com.google.gson.JsonIOException">com.google.gson.JsonIOException: Failed making field 'java.lang.Throwable#detailMessage' accessible; either increase its visibility or write a custom TypeAdapter for its declaring type.
Caused by: java.lang.reflect.InaccessibleObjectException: Unable to make field private java.lang.String java.lang.Throwable.detailMessage accessible: module java.base does not "opens java.lang" to unnamed module @7d7760b3
</failure>
  </testcase>
</testsuite>