<?xml version="1.0" encoding="UTF-8"?>
<testng-results skipped="0" failed="0" ignored="0" total="1" passed="1">
  <reporter-output>
  </reporter-output>
  <suite name="Suite" duration-ms="53791" started-at="2024-10-14T21:38:14 EDT" finished-at="2024-10-14T21:39:08 EDT">
    <groups>
      <group name="cucumber">
        <method signature="AbstractTestNGCucumberTests.runScenario(io.cucumber.testng.PickleWrapper,io.cucumber.testng.FeatureWrapper)[pri:0, instance:Runner.MyRunner@71418a4a]" name="runScenario" class="io.cucumber.testng.AbstractTestNGCucumberTests"/>
      </group> <!-- cucumber -->
    </groups>
    <test name="test1" duration-ms="53791" started-at="2024-10-14T21:38:14 EDT" finished-at="2024-10-14T21:39:08 EDT">
      <class name="Runner.MyRunner">
        <test-method status="PASS" signature="setUpClass(org.testng.ITestContext)[pri:0, instance:Runner.MyRunner@71418a4a]" name="setUpClass" is-config="true" duration-ms="986" started-at="2024-10-14T21:38:14 EDT" finished-at="2024-10-14T21:38:15 EDT">
          <params>
            <param index="0">
              <value>
                <![CDATA[org.testng.TestRunner@371a7fd5]]>
              </value>
            </param>
          </params>
          <reporter-output>
          </reporter-output>
        </test-method> <!-- setUpClass -->
        <test-method status="PASS" signature="runScenario(io.cucumber.testng.PickleWrapper,io.cucumber.testng.FeatureWrapper)[pri:0, instance:Runner.MyRunner@71418a4a]" name="runScenario" duration-ms="49186" started-at="2024-10-14T21:38:15 EDT" description="Runs Cucumber Scenarios" data-provider="scenarios" finished-at="2024-10-14T21:39:05 EDT">
          <params>
            <param index="0">
              <value>
                <![CDATA["Login as Service Users and Verify the contact list views"]]>
              </value>
            </param>
            <param index="1">
              <value>
                <![CDATA["Verify the contact list views"]]>
              </value>
            </param>
          </params>
          <reporter-output>
          </reporter-output>
        </test-method> <!-- runScenario -->
        <test-method status="PASS" signature="tearDownClass()[pri:0, instance:Runner.MyRunner@71418a4a]" name="tearDownClass" is-config="true" duration-ms="3580" started-at="2024-10-14T21:39:05 EDT" finished-at="2024-10-14T21:39:08 EDT">
          <reporter-output>
          </reporter-output>
        </test-method> <!-- tearDownClass -->
      </class> <!-- Runner.MyRunner -->
    </test> <!-- test1 -->
  </suite> <!-- Suite -->
</testng-results>
