<?xml version="1.0" encoding="UTF-8"?>
<testsuite xmlns:xsi="http://www.w3.org/2001/XMLSchema-instance" xsi:noNamespaceSchemaLocation="https://maven.apache.org/surefire/maven-surefire-plugin/xsd/surefire-test-report.xsd" version="3.0.2" name="TestSuite" time="115.385" tests="1" errors="0" skipped="0" failures="0">
  <properties>
[...]
</properties>
  <testcase name="runScenario[&quot;Login as service scheduler and verify the case page layout fields&quot;, &quot;HAC_322_Verify the case page layout fields&quot;](1)" classname="Runner.MyRunner" time="109.117">
    <system-out><![CDATA[
@test3
Scenario: Login as service scheduler and verify the case page layout fields &amp#27;[90m# Regression/Feature/HAC_322_VerifyCasePageLayoutFields.feature:4&amp#27;[0m
Application Login
  &amp#27;[32mGiven &amp#27;[0m&amp#27;[32mLogin as SERVICE SCH USER NAME&amp#27;[0m                                      &amp#27;[90m# StepDefinitions.HAC_AccountCreation.login_as_service_sch_user_name()&amp#27;[0m
  &amp#27;[32mWhen &amp#27;[0m&amp#27;[32mHAC322 select the applicaton&amp#27;[0m                                         &amp#27;[90m# StepDefinitions.HAC322VerifyCasePageLayout.HAC322_select_the_applicaton()&amp#27;[0m
  &amp#27;[32mWhen &amp#27;[0m&amp#27;[32mHAC322 close all the open tabs&amp#27;[0m                                       &amp#27;[90m# StepDefinitions.HAC322VerifyCasePageLayout.HAC322_close_all_the_open_tabs()&amp#27;[0m
  &amp#27;[32mWhen &amp#27;[0m&amp#27;[32mHAC322 close the bottom bar&amp#27;[0m                                          &amp#27;[90m# StepDefinitions.HAC322VerifyCasePageLayout.HAC322_close_the_bottom_bar()&amp#27;[0m
  &amp#27;[32mWhen &amp#27;[0m&amp#27;[32mHAC322 select cases tab&amp#27;[0m                                              &amp#27;[90m# StepDefinitions.HAC322VerifyCasePageLayout.HAC322_select_cases_tab()&amp#27;[0m
  &amp#27;[32mWhen &amp#27;[0m&amp#27;[32mHAC322 create new case&amp#27;[0m                                               &amp#27;[90m# StepDefinitions.HAC322VerifyCasePageLayout.HAC322_create_new_case()&amp#27;[0m
  &amp#27;[32mThen &amp#27;[0m&amp#27;[32mHAC322 verify account name field label&amp#27;[0m                               &amp#27;[90m# StepDefinitions.HAC322VerifyCasePageLayout.HAC322_verify_account_name_field_label()&amp#27;[0m
  &amp#27;[32mThen &amp#27;[0m&amp#27;[32mHAC322 verify contact name field label&amp#27;[0m                               &amp#27;[90m# StepDefinitions.HAC322VerifyCasePageLayout.HAC322_verify_contact_name_field_label()&amp#27;[0m
  &amp#27;[32mThen &amp#27;[0m&amp#27;[32mHAC322 verify case related list quick links&amp#27;[0m                          &amp#27;[90m# StepDefinitions.HAC322VerifyCasePageLayout.HAC322_verify_case_related_list_quick_links()&amp#27;[0m
]]></system-out>
    <system-err><![CDATA[SLF4J(W): No SLF4J providers were found.
SLF4J(W): Defaulting to no-operation (NOP) logger implementation
SLF4J(W): See https://www.slf4j.org/codes.html#noProviders for further details.
]]></system-err>
  </testcase>
</testsuite>