<?xml version="1.0" encoding="UTF-8"?>
<testng-results ignored="0" total="2" passed="2" failed="0" skipped="0">
  <reporter-output>
  </reporter-output>
  <suite started-at="2025-02-19T13:59:52 IST" name="Suite" finished-at="2025-02-19T14:04:09 IST" duration-ms="257727">
    <groups>
      <group name="cucumber">
        <method signature="AbstractTestNGCucumberTests.runScenario(io.cucumber.testng.PickleWrapper,io.cucumber.testng.FeatureWrapper)[pri:0, instance:Runner.MyRunner@60dac476]" name="runScenario" class="io.cucumber.testng.AbstractTestNGCucumberTests"/>
      </group> <!-- cucumber -->
    </groups>
    <test started-at="2025-02-19T13:59:52 IST" name="Test" finished-at="2025-02-19T14:04:09 IST" duration-ms="257727">
      <class name="Runner.MyRunner">
        <test-method is-config="true" signature="setUpClass(org.testng.ITestContext)[pri:0, instance:Runner.MyRunner@60dac476]" started-at="2025-02-19T13:59:52 IST" name="setUpClass" finished-at="2025-02-19T13:59:53 IST" duration-ms="1401" status="PASS">
          <params>
            <param index="0">
              <value>
                <![CDATA[org.testng.TestRunner@77a6f805]]>
              </value>
            </param>
          </params>
          <reporter-output>
          </reporter-output>
        </test-method> <!-- setUpClass -->
        <test-method signature="runScenario(io.cucumber.testng.PickleWrapper,io.cucumber.testng.FeatureWrapper)[pri:0, instance:Runner.MyRunner@60dac476]" started-at="2025-02-19T13:59:53 IST" name="runScenario" description="Runs Cucumber Scenarios" data-provider="scenarios" finished-at="2025-02-19T14:02:07 IST" duration-ms="134171" status="PASS">
          <params>
            <param index="0">
              <value>
                <![CDATA["Login as service scheduler and verify the raw estimate creation"]]>
              </value>
            </param>
            <param index="1">
              <value>
                <![CDATA["HAC_1165_Verify raw estimate creation with IOcommissioning+Training"]]>
              </value>
            </param>
          </params>
          <reporter-output>
          </reporter-output>
        </test-method> <!-- runScenario -->
        <test-method signature="runScenario(io.cucumber.testng.PickleWrapper,io.cucumber.testng.FeatureWrapper)[pri:0, instance:Runner.MyRunner@60dac476]" started-at="2025-02-19T14:02:07 IST" name="runScenario" description="Runs Cucumber Scenarios" data-provider="scenarios" finished-at="2025-02-19T14:04:09 IST" duration-ms="121689" status="PASS">
          <params>
            <param index="0">
              <value>
                <![CDATA["Login as service scheduler and verify the processing estimate creation in draft status"]]>
              </value>
            </param>
            <param index="1">
              <value>
                <![CDATA["HAC_1166_Verify processing estimate creation in draft status"]]>
              </value>
            </param>
          </params>
          <reporter-output>
          </reporter-output>
        </test-method> <!-- runScenario -->
        <test-method is-config="true" signature="tearDownClass()[pri:0, instance:Runner.MyRunner@60dac476]" started-at="2025-02-19T14:04:09 IST" name="tearDownClass" finished-at="2025-02-19T14:04:09 IST" duration-ms="432" status="FAIL">
          <exception class="com.google.gson.JsonIOException">
            <message>
              <![CDATA[Failed making field 'java.lang.Throwable#detailMessage' accessible; either increase its visibility or write a custom TypeAdapter for its declaring type.]]>
            </message>
            <full-stacktrace>
              <![CDATA[com.google.gson.JsonIOException: Failed making field 'java.lang.Throwable#detailMessage' accessible; either increase its visibility or write a custom TypeAdapter for its declaring type.
at com.google.gson.internal.reflect.ReflectionHelper.makeAccessible(ReflectionHelper.java:38)
at com.google.gson.internal.bind.ReflectiveTypeAdapterFactory.getBoundFields(ReflectiveTypeAdapterFactory.java:286)
at com.google.gson.internal.bind.ReflectiveTypeAdapterFactory.create(ReflectiveTypeAdapterFactory.java:130)
at com.google.gson.Gson.getAdapter(Gson.java:556)
at com.google.gson.internal.bind.ReflectiveTypeAdapterFactory.createBoundField(ReflectiveTypeAdapterFactory.java:160)
at com.google.gson.internal.bind.ReflectiveTypeAdapterFactory.getBoundFields(ReflectiveTypeAdapterFactory.java:294)
at com.google.gson.internal.bind.ReflectiveTypeAdapterFactory.create(ReflectiveTypeAdapterFactory.java:130)
at com.google.gson.Gson.getAdapter(Gson.java:556)
at com.google.gson.internal.bind.ReflectiveTypeAdapterFactory.createBoundField(ReflectiveTypeAdapterFactory.java:160)
at com.google.gson.internal.bind.ReflectiveTypeAdapterFactory.getBoundFields(ReflectiveTypeAdapterFactory.java:294)
at com.google.gson.internal.bind.ReflectiveTypeAdapterFactory.create(ReflectiveTypeAdapterFactory.java:130)
at com.google.gson.Gson.getAdapter(Gson.java:556)
at com.google.gson.internal.bind.CollectionTypeAdapterFactory.create(CollectionTypeAdapterFactory.java:53)
at com.google.gson.Gson.getAdapter(Gson.java:556)
at com.google.gson.internal.bind.ReflectiveTypeAdapterFactory.createBoundField(ReflectiveTypeAdapterFactory.java:160)
at com.google.gson.internal.bind.ReflectiveTypeAdapterFactory.getBoundFields(ReflectiveTypeAdapterFactory.java:294)
at com.google.gson.internal.bind.ReflectiveTypeAdapterFactory.create(ReflectiveTypeAdapterFactory.java:130)
at com.google.gson.Gson.getAdapter(Gson.java:556)
at com.google.gson.internal.bind.TypeAdapterRuntimeTypeWrapper.write(TypeAdapterRuntimeTypeWrapper.java:55)
at com.google.gson.internal.bind.CollectionTypeAdapterFactory$Adapter.write(CollectionTypeAdapterFactory.java:97)
at com.google.gson.internal.bind.CollectionTypeAdapterFactory$Adapter.write(CollectionTypeAdapterFactory.java:61)
at com.google.gson.Gson.toJson(Gson.java:842)
at com.google.gson.Gson.toJson(Gson.java:812)
at com.google.gson.Gson.toJson(Gson.java:783)
at com.aventstack.extentreports.reporter.JsonFormatter.flush(JsonFormatter.java:57)
at com.aventstack.extentreports.reporter.JsonFormatter.access$000(JsonFormatter.java:17)
at com.aventstack.extentreports.reporter.JsonFormatter$1.onNext(JsonFormatter.java:37)
at com.aventstack.extentreports.reporter.JsonFormatter$1.onNext(JsonFormatter.java:30)
at io.reactivex.rxjava3.subjects.PublishSubject$PublishDisposable.onNext(PublishSubject.java:310)
at io.reactivex.rxjava3.subjects.PublishSubject.onNext(PublishSubject.java:226)
at com.aventstack.extentreports.ReactiveSubject.onFlush(ReactiveSubject.java:83)
at com.aventstack.extentreports.AbstractProcessor.onFlush(AbstractProcessor.java:85)
at com.aventstack.extentreports.ExtentReports.flush(ExtentReports.java:279)
at com.aventstack.extentreports.cucumber.adapter.ExtentCucumberAdapter.finishReport(ExtentCucumberAdapter.java:300)
at com.aventstack.extentreports.cucumber.adapter.ExtentCucumberAdapter.access$600(ExtentCucumberAdapter.java:62)
at com.aventstack.extentreports.cucumber.adapter.ExtentCucumberAdapter$8.receive(ExtentCucumberAdapter.java:136)
at com.aventstack.extentreports.cucumber.adapter.ExtentCucumberAdapter$8.receive(ExtentCucumberAdapter.java:133)
at io.cucumber.core.eventbus.AbstractEventPublisher.send(AbstractEventPublisher.java:51)
at io.cucumber.core.eventbus.AbstractEventBus.send(AbstractEventBus.java:12)
at io.cucumber.core.runtime.SynchronizedEventBus.send(SynchronizedEventBus.java:47)
at io.cucumber.core.runtime.CucumberExecutionContext.emitTestRunFinished(CucumberExecutionContext.java:118)
at io.cucumber.core.runtime.CucumberExecutionContext.finishTestRun(CucumberExecutionContext.java:105)
at io.cucumber.testng.TestNGCucumberRunner.finish(TestNGCucumberRunner.java:145)
at io.cucumber.testng.AbstractTestNGCucumberTests.tearDownClass(AbstractTestNGCucumberTests.java:57)
at java.base/jdk.internal.reflect.DirectMethodHandleAccessor.invoke(DirectMethodHandleAccessor.java:103)
at java.base/java.lang.reflect.Method.invoke(Method.java:580)
at org.testng.internal.MethodInvocationHelper.invokeMethod(MethodInvocationHelper.java:133)
at org.testng.internal.MethodInvocationHelper.invokeMethodConsideringTimeout(MethodInvocationHelper.java:62)
at org.testng.internal.ConfigInvoker.invokeConfigurationMethod(ConfigInvoker.java:385)
at org.testng.internal.ConfigInvoker.invokeConfigurations(ConfigInvoker.java:321)
at org.testng.internal.TestMethodWorker.invokeAfterClassMethods(TestMethodWorker.java:217)
at org.testng.internal.TestMethodWorker.run(TestMethodWorker.java:130)
at java.base/java.util.ArrayList.forEach(ArrayList.java:1597)
at org.testng.TestRunner.privateRun(TestRunner.java:794)
at org.testng.TestRunner.run(TestRunner.java:596)
at org.testng.SuiteRunner.runTest(SuiteRunner.java:377)
at org.testng.SuiteRunner.runSequentially(SuiteRunner.java:371)
at org.testng.SuiteRunner.privateRun(SuiteRunner.java:332)
at org.testng.SuiteRunner.run(SuiteRunner.java:276)
at org.testng.SuiteRunnerWorker.runSuite(SuiteRunnerWorker.java:53)
at org.testng.SuiteRunnerWorker.run(SuiteRunnerWorker.java:96)
at org.testng.TestNG.runSuitesSequentially(TestNG.java:1212)
at org.testng.TestNG.runSuitesLocally(TestNG.java:1134)
at org.testng.TestNG.runSuites(TestNG.java:1063)
at org.testng.TestNG.run(TestNG.java:1031)
at org.apache.maven.surefire.testng.TestNGExecutor.run(TestNGExecutor.java:283)
at org.apache.maven.surefire.testng.TestNGXmlTestSuite.execute(TestNGXmlTestSuite.java:75)
at org.apache.maven.surefire.testng.TestNGProvider.invoke(TestNGProvider.java:120)
at java.base/jdk.internal.reflect.DirectMethodHandleAccessor.invoke(DirectMethodHandleAccessor.java:103)
at java.base/java.lang.reflect.Method.invoke(Method.java:580)
at org.apache.maven.surefire.util.ReflectionUtils.invokeMethodWithArray2(ReflectionUtils.java:186)
at org.apache.maven.surefire.booter.ProviderFactory$ProviderProxy.invoke(ProviderFactory.java:161)
at org.apache.maven.surefire.booter.ProviderFactory.invokeProvider(ProviderFactory.java:84)
at org.apache.maven.plugin.surefire.InPluginVMSurefireStarter.runSuitesInProcess(InPluginVMSurefireStarter.java:87)
at org.apache.maven.plugin.surefire.AbstractSurefireMojo.executeProvider(AbstractSurefireMojo.java:1144)
at org.apache.maven.plugin.surefire.AbstractSurefireMojo.executeAfterPreconditionsChecked(AbstractSurefireMojo.java:1002)
at org.apache.maven.plugin.surefire.AbstractSurefireMojo.execute(AbstractSurefireMojo.java:848)
at org.apache.maven.plugin.DefaultBuildPluginManager.executeMojo(DefaultBuildPluginManager.java:126)
at org.apache.maven.lifecycle.internal.MojoExecutor.doExecute2(MojoExecutor.java:328)
at org.apache.maven.lifecycle.internal.MojoExecutor.doExecute(MojoExecutor.java:316)
at org.apache.maven.lifecycle.internal.MojoExecutor.execute(MojoExecutor.java:212)
at org.apache.maven.lifecycle.internal.MojoExecutor.execute(MojoExecutor.java:174)
at org.apache.maven.lifecycle.internal.MojoExecutor.access$000(MojoExecutor.java:75)
at org.apache.maven.lifecycle.internal.MojoExecutor$1.run(MojoExecutor.java:162)
at org.apache.maven.plugin.DefaultMojosExecutionStrategy.execute(DefaultMojosExecutionStrategy.java:39)
at org.apache.maven.lifecycle.internal.MojoExecutor.execute(MojoExecutor.java:159)
at org.apache.maven.lifecycle.internal.LifecycleModuleBuilder.buildProject(LifecycleModuleBuilder.java:105)
at org.apache.maven.lifecycle.internal.LifecycleModuleBuilder.buildProject(LifecycleModuleBuilder.java:73)
at org.apache.maven.lifecycle.internal.builder.singlethreaded.SingleThreadedBuilder.build(SingleThreadedBuilder.java:53)
at org.apache.maven.lifecycle.internal.LifecycleStarter.execute(LifecycleStarter.java:118)
at org.apache.maven.DefaultMaven.doExecute(DefaultMaven.java:261)
at org.apache.maven.DefaultMaven.doExecute(DefaultMaven.java:173)
at org.apache.maven.DefaultMaven.execute(DefaultMaven.java:101)
at org.apache.maven.cli.MavenCli.execute(MavenCli.java:904)
at org.apache.maven.cli.MavenCli.doMain(MavenCli.java:281)
at org.apache.maven.cli.MavenCli.main(MavenCli.java:204)
at java.base/jdk.internal.reflect.DirectMethodHandleAccessor.invoke(DirectMethodHandleAccessor.java:103)
at java.base/java.lang.reflect.Method.invoke(Method.java:580)
at org.codehaus.plexus.classworlds.launcher.Launcher.launchEnhanced(Launcher.java:255)
at org.codehaus.plexus.classworlds.launcher.Launcher.launch(Launcher.java:201)
at org.codehaus.plexus.classworlds.launcher.Launcher.mainWithExitCode(Launcher.java:361)
at org.codehaus.plexus.classworlds.launcher.Launcher.main(Launcher.java:314)
Caused by: java.lang.reflect.InaccessibleObjectException: Unable to make field private java.lang.String java.lang.Throwable.detailMessage accessible: module java.base does not "opens java.lang" to unnamed module @44261f25
at java.base/java.lang.reflect.AccessibleObject.throwInaccessibleObjectException(AccessibleObject.java:388)
at java.base/java.lang.reflect.AccessibleObject.checkCanSetAccessible(AccessibleObject.java:364)
at java.base/java.lang.reflect.AccessibleObject.checkCanSetAccessible(AccessibleObject.java:312)
at java.base/java.lang.reflect.Field.checkCanSetAccessible(Field.java:183)
at java.base/java.lang.reflect.Field.setAccessible(Field.java:177)
at com.google.gson.internal.reflect.ReflectionHelper.makeAccessible(ReflectionHelper.java:35)
... 101 more
]]>
            </full-stacktrace>
          </exception> <!-- com.google.gson.JsonIOException -->
          <reporter-output>
          </reporter-output>
        </test-method> <!-- tearDownClass -->
      </class> <!-- Runner.MyRunner -->
    </test> <!-- Test -->
  </suite> <!-- Suite -->
</testng-results>
