<?xml version="1.0" encoding="UTF-8"?>
<testng-results skipped="0" failed="0" ignored="0" total="1" passed="1">
  <reporter-output>
  </reporter-output>
  <suite name="Suite" duration-ms="230155" started-at="2024-11-08T21:14:49 EST" finished-at="2024-11-08T21:18:39 EST">
    <groups>
      <group name="cucumber">
        <method signature="AbstractTestNGCucumberTests.runScenario(io.cucumber.testng.PickleWrapper,io.cucumber.testng.FeatureWrapper)[pri:0, instance:Runner.MyRunner@6887e1d1]" name="runScenario" class="io.cucumber.testng.AbstractTestNGCucumberTests"/>
      </group> <!-- cucumber -->
    </groups>
    <test name="Test" duration-ms="230155" started-at="2024-11-08T21:14:49 EST" finished-at="2024-11-08T21:18:39 EST">
      <class name="Runner.MyRunner">
        <test-method status="PASS" signature="setUpClass(org.testng.ITestContext)[pri:0, instance:Runner.MyRunner@6887e1d1]" name="setUpClass" is-config="true" duration-ms="2226" started-at="2024-11-08T21:14:49 EST" finished-at="2024-11-08T21:14:51 EST">
          <params>
            <param index="0">
              <value>
                <![CDATA[org.testng.TestRunner@3c1d5349]]>
              </value>
            </param>
          </params>
          <reporter-output>
          </reporter-output>
        </test-method> <!-- setUpClass -->
        <test-method status="PASS" signature="runScenario(io.cucumber.testng.PickleWrapper,io.cucumber.testng.FeatureWrapper)[pri:0, instance:Runner.MyRunner@6887e1d1]" name="runScenario" duration-ms="224638" started-at="2024-11-08T21:14:51 EST" description="Runs Cucumber Scenarios" data-provider="scenarios" finished-at="2024-11-08T21:18:36 EST">
          <params>
            <param index="0">
              <value>
                <![CDATA["Login as service user and HAC_1165_Create INSP Estimate Matrix  IO/comissioning+Training"]]>
              </value>
            </param>
            <param index="1">
              <value>
                <![CDATA["Verify HAC_1165_CreateINSP Estimate Matrix"]]>
              </value>
            </param>
          </params>
          <reporter-output>
          </reporter-output>
        </test-method> <!-- runScenario -->
        <test-method status="PASS" signature="tearDownClass()[pri:0, instance:Runner.MyRunner@6887e1d1]" name="tearDownClass" is-config="true" duration-ms="3256" started-at="2024-11-08T21:18:36 EST" finished-at="2024-11-08T21:18:39 EST">
          <reporter-output>
          </reporter-output>
        </test-method> <!-- tearDownClass -->
      </class> <!-- Runner.MyRunner -->
    </test> <!-- Test -->
  </suite> <!-- Suite -->
</testng-results>
