<?xml version="1.0" encoding="UTF-8"?>
<testsuite xmlns:xsi="http://www.w3.org/2001/XMLSchema-instance" xsi:noNamespaceSchemaLocation="https://maven.apache.org/surefire/maven-surefire-plugin/xsd/surefire-test-report-3.0.xsd" version="3.0" name="TestSuite" time="83.37" tests="1" errors="0" skipped="0" failures="0">
  <properties>
[...]
</properties>
  <testcase name="runScenario[&quot;Login as Service Scheduler and Verify the processing estimate creation&quot;, &quot;Verify processing estimate creation&quot;](1)" classname="Runner.MyRunner" time="78.617">
    <system-out><![CDATA[
@smoketest
Scenario Outline: Login as Service Scheduler and Verify the processing estimate creation &amp#27;[90m# src/test/java/Features/HAC-1165 CreatePROCEstimate.feature:24&amp#27;[0m
  &amp#27;[32mGiven &amp#27;[0m&amp#27;[32mHAC1165 user enters &amp#27;[0m&amp#27;[32m&amp#27;[1mtestservicescheduler@gmail.com&amp#27;[0m&amp#27;[32m and &amp#27;[0m&amp#27;[32m&amp#27;[1mM@shaallah1&amp#27;[0m               &amp#27;[90m# StepDefinitions.HAC1165CreateProcessingEstimate.HAC145_user_enters_username_and_password(java.lang.String,java.lang.String)&amp#27;[0m
  &amp#27;[32mWhen &amp#27;[0m&amp#27;[32mHAC1165 select the applicaton&amp#27;[0m                                                     &amp#27;[90m# StepDefinitions.HAC1165CreateProcessingEstimate.HAC145_select_the_applicaton()&amp#27;[0m
  &amp#27;[32mWhen &amp#27;[0m&amp#27;[32mHAC1165 close all the open tabs&amp#27;[0m                                                   &amp#27;[90m# StepDefinitions.HAC1165CreateProcessingEstimate.HAC145_close_all_the_open_tabs()&amp#27;[0m
  &amp#27;[32mWhen &amp#27;[0m&amp#27;[32mHAC1165 close the bottom bar&amp#27;[0m                                                      &amp#27;[90m# StepDefinitions.HAC1165CreateProcessingEstimate.HAC387_close_the_bottom_bar()&amp#27;[0m
  &amp#27;[32mWhen &amp#27;[0m&amp#27;[32mHAC1165 click on cases tab&amp#27;[0m                                                        &amp#27;[90m# StepDefinitions.HAC1165CreateProcessingEstimate.HAC1165_click_on_cases_tab()&amp#27;[0m
  &amp#27;[32mWhen &amp#27;[0m&amp#27;[32mHAC1165 create new case&amp#27;[0m                                                           &amp#27;[90m# StepDefinitions.HAC1165CreateProcessingEstimate.HAC1165_create_new_case()&amp#27;[0m
  &amp#27;[32mWhen &amp#27;[0m&amp#27;[32mHAC1165 user is on estimate tab&amp#27;[0m                                                   &amp#27;[90m# StepDefinitions.HAC1165CreateProcessingEstimate.HAC1165_user_is_on_estimate_tab()&amp#27;[0m
  &amp#27;[32mWhen &amp#27;[0m&amp#27;[32mHAC1165 verify the pricebook options&amp#27;[0m                                              &amp#27;[90m# StepDefinitions.HAC1165CreateProcessingEstimate.HAC1165_verify_the_pricebook_options()&amp#27;[0m
  &amp#27;[32mWhen &amp#27;[0m&amp#27;[32mHAC1165 select values on estimate flow step1&amp#27;[0m                                      &amp#27;[90m# StepDefinitions.HAC1165CreateProcessingEstimate.HAC1165_select_values_on_estimate_flow_step1()&amp#27;[0m
  &amp#27;[32mWhen &amp#27;[0m&amp#27;[32mHAC1165 verify the field label number of tech&amp#27;[0m                                     &amp#27;[90m# StepDefinitions.HAC1165CreateProcessingEstimate.HAC1165_verify_the_field_label_number_of_tech()&amp#27;[0m
  &amp#27;[32mWhen &amp#27;[0m&amp#27;[32mHAC1165 verify the field label number of days&amp#27;[0m                                     &amp#27;[90m# StepDefinitions.HAC1165CreateProcessingEstimate.HAC1165_verify_the_field_label_number_of_days()&amp#27;[0m
  &amp#27;[32mWhen &amp#27;[0m&amp#27;[32mHAC1165 verify the field label number of hours&amp#27;[0m                                    &amp#27;[90m# StepDefinitions.HAC1165CreateProcessingEstimate.HAC1165_verify_the_field_label_number_of_hours()&amp#27;[0m
  &amp#27;[32mWhen &amp#27;[0m&amp#27;[32mHAC1165 select from date&amp#27;[0m                                                          &amp#27;[90m# StepDefinitions.HAC1165CreateProcessingEstimate.HAC1165_seelct_from_date()&amp#27;[0m
  &amp#27;[32mWhen &amp#27;[0m&amp#27;[32mHAC1165 select to date&amp#27;[0m                                                            &amp#27;[90m# StepDefinitions.HAC1165CreateProcessingEstimate.HAC1165_seelct_to_date()&amp#27;[0m
  &amp#27;[32mWhen &amp#27;[0m&amp#27;[32mHAC1165 select view confirmation&amp#27;[0m                                                  &amp#27;[90m# StepDefinitions.HAC1165CreateProcessingEstimate.HAC1165_seelct_view_confirmation()&amp#27;[0m
  &amp#27;[32mThen &amp#27;[0m&amp#27;[32mHAC1165 generate estimate pdf&amp#27;[0m                                                     &amp#27;[90m# StepDefinitions.HAC1165CreateProcessingEstimate.HAC1165_generate_estimate_pdf()&amp#27;[0m
]]></system-out>
    <system-err><![CDATA[SLF4J: Failed to load class "org.slf4j.impl.StaticLoggerBinder".
SLF4J: Defaulting to no-operation (NOP) logger implementation
SLF4J: See http://www.slf4j.org/codes.html#StaticLoggerBinder for further details.
Sept 18, 2024 5:26:18 PM org.openqa.selenium.devtools.CdpVersionFinder findNearestMatch
WARNING: Unable to find CDP implementation matching 129
Sept 18, 2024 5:26:18 PM org.openqa.selenium.chromium.ChromiumDriver lambda$new$5
WARNING: Unable to find version of CDP to use for 129.0.6668.58. You may need to include a dependency on a specific version of the CDP using something similar to `org.seleniumhq.selenium:selenium-devtools-v86:4.18.1` where the version ("v86") matches the version of the chromium-based browser you're using and the version number of the artifact is the same as Selenium's.
]]></system-err>
  </testcase>
</testsuite>