<?xml version="1.0" encoding="UTF-8"?>
<testng-results ignored="0" total="3" passed="3" failed="0" skipped="0">
  <reporter-output>
  </reporter-output>
  <suite started-at="2024-04-25T16:11:00 IST" name="Suite" finished-at="2024-04-25T16:14:08 IST" duration-ms="187964">
    <groups>
      <group name="cucumber">
        <method signature="AbstractTestNGCucumberTests.runScenario(io.cucumber.testng.PickleWrapper,io.cucumber.testng.FeatureWrapper)[pri:0, instance:Runner.MyRunner@79207381]" name="runScenario" class="io.cucumber.testng.AbstractTestNGCucumberTests"/>
      </group> <!-- cucumber -->
    </groups>
    <test started-at="2024-04-25T16:11:00 IST" name="test1" finished-at="2024-04-25T16:14:08 IST" duration-ms="187964">
      <class name="Runner.MyRunner">
        <test-method is-config="true" signature="setUpClass(org.testng.ITestContext)[pri:0, instance:Runner.MyRunner@79207381]" started-at="2024-04-25T16:11:00 IST" name="setUpClass" finished-at="2024-04-25T16:11:02 IST" duration-ms="1038" status="PASS">
          <params>
            <param index="0">
              <value>
                <![CDATA[org.testng.TestRunner@285bf5ac]]>
              </value>
            </param>
          </params>
          <reporter-output>
          </reporter-output>
        </test-method> <!-- setUpClass -->
        <test-method signature="runScenario(io.cucumber.testng.PickleWrapper,io.cucumber.testng.FeatureWrapper)[pri:0, instance:Runner.MyRunner@79207381]" started-at="2024-04-25T16:11:02 IST" name="runScenario" description="Runs Cucumber Scenarios" data-provider="scenarios" finished-at="2024-04-25T16:12:22 IST" duration-ms="80315" status="PASS">
          <params>
            <param index="0">
              <value>
                <![CDATA["Create New Contact"]]>
              </value>
            </param>
            <param index="1">
              <value>
                <![CDATA["create contact in sales console and validate"]]>
              </value>
            </param>
          </params>
          <reporter-output>
          </reporter-output>
        </test-method> <!-- runScenario -->
        <test-method signature="runScenario(io.cucumber.testng.PickleWrapper,io.cucumber.testng.FeatureWrapper)[pri:0, instance:Runner.MyRunner@79207381]" started-at="2024-04-25T16:12:22 IST" name="runScenario" description="Runs Cucumber Scenarios" data-provider="scenarios" finished-at="2024-04-25T16:13:19 IST" duration-ms="57363" status="PASS">
          <params>
            <param index="0">
              <value>
                <![CDATA["Create Prospecting Stage Opportunity"]]>
              </value>
            </param>
            <param index="1">
              <value>
                <![CDATA["create opportunity in sales console with different stages and validate"]]>
              </value>
            </param>
          </params>
          <reporter-output>
          </reporter-output>
        </test-method> <!-- runScenario -->
        <test-method signature="runScenario(io.cucumber.testng.PickleWrapper,io.cucumber.testng.FeatureWrapper)[pri:0, instance:Runner.MyRunner@79207381]" started-at="2024-04-25T16:13:19 IST" name="runScenario" description="Runs Cucumber Scenarios" data-provider="scenarios" finished-at="2024-04-25T16:14:08 IST" duration-ms="48899" status="PASS">
          <params>
            <param index="0">
              <value>
                <![CDATA["Create New Task"]]>
              </value>
            </param>
            <param index="1">
              <value>
                <![CDATA["create task in sales console with different status and validate"]]>
              </value>
            </param>
          </params>
          <reporter-output>
          </reporter-output>
        </test-method> <!-- runScenario -->
        <test-method is-config="true" signature="tearDownClass()[pri:0, instance:Runner.MyRunner@79207381]" started-at="2024-04-25T16:14:08 IST" name="tearDownClass" finished-at="2024-04-25T16:14:08 IST" duration-ms="284" status="PASS">
          <reporter-output>
          </reporter-output>
        </test-method> <!-- tearDownClass -->
      </class> <!-- Runner.MyRunner -->
    </test> <!-- test1 -->
  </suite> <!-- Suite -->
</testng-results>
