<?xml version="1.0" encoding="UTF-8"?>
<testsuite xmlns:xsi="http://www.w3.org/2001/XMLSchema-instance" xsi:noNamespaceSchemaLocation="https://maven.apache.org/surefire/maven-surefire-plugin/xsd/surefire-test-report-3.0.xsd" version="3.0" name="TestSuite" time="196.265" tests="2" errors="0" skipped="0" failures="2">
  <properties>
[...]
</properties>
  <testcase name="runScenario" classname="Runner.MyRunner" time="193.983">
    <failure message="Expected condition failed: waiting for element to be clickable: [[ChromeDriver: chrome on WINDOWS (53863f4c65ed65b0880edbb584003e7c)] -&gt; xpath: (//label[text()=&apos;Date&apos;]/..//input)[@name=&apos;Start_Date&apos;]//parent::div//button[@name = &apos;today&apos;]] (tried for 40 second(s) with 500 milliseconds interval)&#10;Build info: version: &apos;4.8.2&apos;, revision: &apos;826dbfc730&apos;&#10;System info: os.name: &apos;Windows 10&apos;, os.arch: &apos;amd64&apos;, os.version: &apos;10.0&apos;, java.version: &apos;23.0.2&apos;&#10;Driver info: org.openqa.selenium.chrome.ChromeDriver&#10;Capabilities {acceptInsecureCerts: false, browserName: chrome, browserVersion: 133.0.6943.127, chrome: {chromedriverVersion: 133.0.6943.126 (cffa127ce7b..., userDataDir: C:\Users\dell\AppData\Local...}, fedcm:accounts: true, goog:chromeOptions: {debuggerAddress: localhost:57454}, networkConnectionEnabled: false, pageLoadStrategy: normal, platformName: WINDOWS, proxy: Proxy(), se:cdp: ws://localhost:57454/devtoo..., se:cdpVersion: 133.0.6943.127, setWindowRect: true, strictFileInteractability: false, timeouts: {implicit: 0, pageLoad: 300000, script: 30000}, unhandledPromptBehavior: dismiss and notify, webauthn:extension:credBlob: true, webauthn:extension:largeBlob: true, webauthn:extension:minPinLength: true, webauthn:extension:prf: true, webauthn:virtualAuthenticators: true}&#10;Session ID: 53863f4c65ed65b0880edbb584003e7c" type="org.openqa.selenium.TimeoutException">org.openqa.selenium.TimeoutException: 
Expected condition failed: waiting for element to be clickable: [[ChromeDriver: chrome on WINDOWS (53863f4c65ed65b0880edbb584003e7c)] -> xpath: (//label[text()='Date']/..//input)[@name='Start_Date']//parent::div//button[@name = 'today']] (tried for 40 second(s) with 500 milliseconds interval)
Build info: version: '4.8.2', revision: '826dbfc730'
System info: os.name: 'Windows 10', os.arch: 'amd64', os.version: '10.0', java.version: '23.0.2'
Driver info: org.openqa.selenium.chrome.ChromeDriver
Capabilities {acceptInsecureCerts: false, browserName: chrome, browserVersion: 133.0.6943.127, chrome: {chromedriverVersion: 133.0.6943.126 (cffa127ce7b..., userDataDir: C:\Users\dell\AppData\Local...}, fedcm:accounts: true, goog:chromeOptions: {debuggerAddress: localhost:57454}, networkConnectionEnabled: false, pageLoadStrategy: normal, platformName: WINDOWS, proxy: Proxy(), se:cdp: ws://localhost:57454/devtoo..., se:cdpVersion: 133.0.6943.127, setWindowRect: true, strictFileInteractability: false, timeouts: {implicit: 0, pageLoad: 300000, script: 30000}, unhandledPromptBehavior: dismiss and notify, webauthn:extension:credBlob: true, webauthn:extension:largeBlob: true, webauthn:extension:minPinLength: true, webauthn:extension:prf: true, webauthn:virtualAuthenticators: true}
Session ID: 53863f4c65ed65b0880edbb584003e7c
</failure>
    <system-out><![CDATA[
@test3
Scenario: Login as service scheduler and assign processing service appointment to a service technician &amp#27;[90m# Regression/Feature/HAC_1478_AssignProcessingServiceAppointmentToResource.feature:3&amp#27;[0m
Application Login
  &amp#27;[32mGiven &amp#27;[0m&amp#27;[32mLogin as SERVICE SCH USER NAME&amp#27;[0m                                                                 &amp#27;[90m# StepDefinitions.HAC_AccountCreation.login_as_service_sch_user_name()&amp#27;[0m
  &amp#27;[32mWhen &amp#27;[0m&amp#27;[32mHAC1165 select the applicaton&amp#27;[0m                                                                   &amp#27;[90m# StepDefinitions.HAC1165CreatePROCEstimatewithIOCommissioning.HAC1165_select_the_application()&amp#27;[0m
  &amp#27;[32mWhen &amp#27;[0m&amp#27;[32mHAC1165 close all the open tabs&amp#27;[0m                                                                 &amp#27;[90m# StepDefinitions.HAC1165CreatePROCEstimatewithIOCommissioning.HAC145_close_all_the_open_tabs()&amp#27;[0m
  &amp#27;[32mWhen &amp#27;[0m&amp#27;[32mHAC1165 close the bottom bar&amp#27;[0m                                                                    &amp#27;[90m# StepDefinitions.HAC1165CreatePROCEstimatewithIOCommissioning.HAC387_close_the_bottom_bar()&amp#27;[0m
  &amp#27;[32mWhen &amp#27;[0m&amp#27;[32mHAC1165 click on cases tab&amp#27;[0m                                                                      &amp#27;[90m# StepDefinitions.HAC1165CreatePROCEstimatewithIOCommissioning.HAC1165_click_on_cases_tab()&amp#27;[0m
  &amp#27;[32mWhen &amp#27;[0m&amp#27;[32mHAC1165 create new case&amp#27;[0m                                                                         &amp#27;[90m# StepDefinitions.HAC1165CreatePROCEstimatewithIOCommissioning.HAC1165_create_new_case()&amp#27;[0m
  &amp#27;[32mWhen &amp#27;[0m&amp#27;[32mHAC1165 user is on estimate tab&amp#27;[0m                                                                 &amp#27;[90m# StepDefinitions.HAC1165CreatePROCEstimatewithIOCommissioning.HAC1165_user_is_on_estimate_tab()&amp#27;[0m
  &amp#27;[32mWhen &amp#27;[0m&amp#27;[32mHAC1165 verify the pricebook options&amp#27;[0m                                                            &amp#27;[90m# StepDefinitions.HAC1165CreatePROCEstimatewithIOCommissioning.HAC1165_verify_the_pricebook_options()&amp#27;[0m
  &amp#27;[32mWhen &amp#27;[0m&amp#27;[32mHAC1165 select values on estimate flow step1&amp#27;[0m                                                    &amp#27;[90m# StepDefinitions.HAC1165CreatePROCEstimatewithIOCommissioning.HAC1165_select_values_on_estimate_flow_step1()&amp#27;[0m
  &amp#27;[32mWhen &amp#27;[0m&amp#27;[32mHAC1165 verify the field label number of days&amp#27;[0m                                                   &amp#27;[90m# StepDefinitions.HAC1165CreatePROCEstimatewithIOCommissioning.HAC1165_verify_the_field_label_number_of_days()&amp#27;[0m
  &amp#27;[32mWhen &amp#27;[0m&amp#27;[32mHAC1165 verify the field label number of hours&amp#27;[0m                                                  &amp#27;[90m# StepDefinitions.HAC1165CreatePROCEstimatewithIOCommissioning.HAC1165_verify_the_field_label_number_of_hours()&amp#27;[0m
  &amp#27;[32mWhen &amp#27;[0m&amp#27;[32mHAC1165 verify the field label number of tech&amp#27;[0m                                                   &amp#27;[90m# StepDefinitions.HAC1165CreatePROCEstimatewithIOCommissioning.HAC1165_verify_the_field_label_number_of_tech()&amp#27;[0m
  &amp#27;[32mWhen &amp#27;[0m&amp#27;[32mHAC1165 select from date&amp#27;[0m                                                                        &amp#27;[90m# StepDefinitions.HAC1165CreatePROCEstimatewithIOCommissioning.HAC1165_seelct_from_date()&amp#27;[0m
  &amp#27;[32mWhen &amp#27;[0m&amp#27;[32mHAC1165 select to date&amp#27;[0m                                                                          &amp#27;[90m# StepDefinitions.HAC1165CreatePROCEstimatewithIOCommissioning.HAC1165_select_to_date()&amp#27;[0m
  &amp#27;[32mWhen &amp#27;[0m&amp#27;[32mHAC1478 select view confirmation&amp#27;[0m                                                                &amp#27;[90m# StepDefinitions.HAC1478AssignProcessingServiceAppointment.HAC1478_seelct_view_confirmation()&amp#27;[0m
  &amp#27;[32mThen &amp#27;[0m&amp#27;[32mHAC1478 save estimate&amp#27;[0m                                                                           &amp#27;[90m# StepDefinitions.HAC1478AssignProcessingServiceAppointment.HAC1478_save_estimate()&amp#27;[0m
  &amp#27;[32mThen &amp#27;[0m&amp#27;[32mHAC1478 click on work order link&amp#27;[0m                                                                &amp#27;[90m# StepDefinitions.HAC1478AssignProcessingServiceAppointment.HAC1478_click_on_work_order_link()&amp#27;[0m
  &amp#27;[31mThen &amp#27;[0m&amp#27;[31mHAC1478 create work order&amp#27;[0m                                                                       &amp#27;[90m# StepDefinitions.HAC1478AssignProcessingServiceAppointment.HAC1478_create_work_order()&amp#27;[0m
      &amp#27;[31morg.openqa.selenium.TimeoutException: Expected condition failed: waiting for element to be clickable: [[ChromeDriver: chrome on WINDOWS (53863f4c65ed65b0880edbb584003e7c)] -> xpath: (//label[text()='Date']/..//input)[@name='Start_Date']//parent::div//button[@name = 'today']] (tried for 40 second(s) with 500 milliseconds interval)
Build info: version: '4.8.2', revision: '826dbfc730'
System info: os.name: 'Windows 10', os.arch: 'amd64', os.version: '10.0', java.version: '23.0.2'
Driver info: org.openqa.selenium.chrome.ChromeDriver
Capabilities {acceptInsecureCerts: false, browserName: chrome, browserVersion: 133.0.6943.127, chrome: {chromedriverVersion: 133.0.6943.126 (cffa127ce7b..., userDataDir: C:\Users\dell\AppData\Local...}, fedcm:accounts: true, goog:chromeOptions: {debuggerAddress: localhost:57454}, networkConnectionEnabled: false, pageLoadStrategy: normal, platformName: WINDOWS, proxy: Proxy(), se:cdp: ws://localhost:57454/devtoo..., se:cdpVersion: 133.0.6943.127, setWindowRect: true, strictFileInteractability: false, timeouts: {implicit: 0, pageLoad: 300000, script: 30000}, unhandledPromptBehavior: dismiss and notify, webauthn:extension:credBlob: true, webauthn:extension:largeBlob: true, webauthn:extension:minPinLength: true, webauthn:extension:prf: true, webauthn:virtualAuthenticators: true}
Session ID: 53863f4c65ed65b0880edbb584003e7c
	at org.openqa.selenium.support.ui.WebDriverWait.timeoutException(WebDriverWait.java:87)
	at org.openqa.selenium.support.ui.FluentWait.until(FluentWait.java:231)
	at commonutilities.CommonFunctions.expWaitToBeClickable(CommonFunctions.java:69)
	at PageObjects.WorkOrder.CreateWorkOrder(WorkOrder.java:109)
	at StepDefinitions.HAC1478AssignProcessingServiceAppointment.HAC1478_create_work_order(HAC1478AssignProcessingServiceAppointment.java:182)
	at ✽.HAC1478 create work order(file:///E:/SeleniumWorkSpace/HeatAndControlAutomation/Regression/Feature/HAC_1478_AssignProcessingServiceAppointmentToResource.feature:21)
&amp#27;[0m
  &amp#27;[36mThen &amp#27;[0m&amp#27;[36mHAC1478 create service appointments&amp#27;[0m                                                             &amp#27;[90m# StepDefinitions.HAC1478AssignProcessingServiceAppointment.HAC1478_create_service_appointments()&amp#27;[0m
  &amp#27;[36mThen &amp#27;[0m&amp#27;[36mHAC1478 click service appointment link&amp#27;[0m                                                          &amp#27;[90m# StepDefinitions.HAC1478AssignProcessingServiceAppointment.HAC1478_click_service_appointment_link()&amp#27;[0m
  &amp#27;[36mThen &amp#27;[0m&amp#27;[36mHAC1478 select a service appointment&amp#27;[0m                                                            &amp#27;[90m# StepDefinitions.HAC1478AssignProcessingServiceAppointment.HAC1478_select_a_service_appointment()&amp#27;[0m
  &amp#27;[36mThen &amp#27;[0m&amp#27;[36mHAC1478 select a schedule start date&amp#27;[0m                                                            &amp#27;[90m# StepDefinitions.HAC1478AssignProcessingServiceAppointment.HAC1478_select_a_schedule_start_date()&amp#27;[0m
  &amp#27;[36mThen &amp#27;[0m&amp#27;[36mHAC1478 select a schedule end date&amp#27;[0m                                                              &amp#27;[90m# StepDefinitions.HAC1478AssignProcessingServiceAppointment.HAC1478_select_a_schedule_end_date()&amp#27;[0m
  &amp#27;[36mThen &amp#27;[0m&amp#27;[36mHAC1478 click related tab&amp#27;[0m                                                                       &amp#27;[90m# StepDefinitions.HAC1478AssignProcessingServiceAppointment.HAC1478_click_related_tab()&amp#27;[0m
  &amp#27;[36mThen &amp#27;[0m&amp#27;[36mHAC1478 assign service resource&amp#27;[0m                                                                 &amp#27;[90m# StepDefinitions.HAC1478AssignProcessingServiceAppointment.HAC1478_assign_service_resource()&amp#27;[0m
  &amp#27;[36mThen &amp#27;[0m&amp#27;[36mHAC1478 update sa status to dispatched&amp#27;[0m                                                          &amp#27;[90m# StepDefinitions.HAC1478AssignProcessingServiceAppointment.HAC1478_update_sa_satus_to_dispatched()&amp#27;[0m
  &amp#27;[36mThen &amp#27;[0m&amp#27;[36mHAC1478 logout as service scheduler&amp#27;[0m                                                             &amp#27;[90m# StepDefinitions.HAC1478AssignProcessingServiceAppointment.HAC1478_logout_as_service_scheduler()&amp#27;[0m
  &amp#27;[36mThen &amp#27;[0m&amp#27;[36mHAC1478 login as service technician&amp#27;[0m                                                             &amp#27;[90m# StepDefinitions.HAC1478AssignProcessingServiceAppointment.HAC1478_login_as_service_technician()&amp#27;[0m
  &amp#27;[36mThen &amp#27;[0m&amp#27;[36mHAC1478 select the field service applicaton&amp#27;[0m                                                     &amp#27;[90m# StepDefinitions.HAC1478AssignProcessingServiceAppointment.HAC1478_select_the_field_service_applicaton()&amp#27;[0m
  &amp#27;[36mThen &amp#27;[0m&amp#27;[36mHAC1478 select the service appointments tab&amp#27;[0m                                                     &amp#27;[90m# StepDefinitions.HAC1478AssignProcessingServiceAppointment.HAC1478_select_the_service_appointments_tab()&amp#27;[0m
  &amp#27;[36mThen &amp#27;[0m&amp#27;[36mHAC1478 select all service appointments listview&amp#27;[0m                                                &amp#27;[90m# StepDefinitions.HAC1478AssignProcessingServiceAppointment.HAC1478_select_all_service_appointments_listview()&amp#27;[0m
  &amp#27;[36mThen &amp#27;[0m&amp#27;[36mHAC1478 select dispatched service appointment&amp#27;[0m                                                   &amp#27;[90m# StepDefinitions.HAC1478AssignProcessingServiceAppointment.HAC1478_select_dispatched_service_appointment()&amp#27;[0m

    Current Page URL is https://heatandcontrol--qa.sandbox.lightning.force.com/lightning/action/quick/Case.Create_Work_Order?objectApiName&context=RECORD_DETAIL&recordId=500bf000007LygHAAS&backgroundContext=%2Flightning%2Fr%2FCase%2F500bf000007LygHAAS%2Fview

Current Page URL is https://heatandcontrol--qa.sandbox.lightning.force.com/lightning/action/quick/Case.Create_Work_Order?objectApiName&context=RECORD_DETAIL&recordId=500bf000007LygHAAS&backgroundContext=%2Flightning%2Fr%2FCase%2F500bf000007LygHAAS%2Fview

    Embedding Refer Screenshot [image/png 107694 bytes]

2025-02-25 19:19:27      E:\SeleniumWorkSpace\HeatAndControlAutomation\target\cucumberreports\Screenshots\embedded1.png
last file is 2025-02-25 19:19:27=E:\SeleniumWorkSpace\HeatAndControlAutomation\target\cucumberreports\Screenshots\embedded1.png
]]></system-out>
    <system-err><![CDATA[SLF4J(W): No SLF4J providers were found.
SLF4J(W): Defaulting to no-operation (NOP) logger implementation
SLF4J(W): See https://www.slf4j.org/codes.html#noProviders for further details.
log4j:WARN No appenders could be found for logger (io.netty.util.internal.logging.InternalLoggerFactory).
log4j:WARN Please initialize the log4j system properly.
log4j:WARN See http://logging.apache.org/log4j/1.2/faq.html#noconfig for more info.
Starting ChromeDriver 133.0.6943.126 (cffa127ce7b6be72885391527c15b452056a2e81-refs/branch-heads/6943@{#1570}) on port 44819
Only local connections are allowed.
Please see https://chromedriver.chromium.org/security-considerations for suggestions on keeping ChromeDriver safe.
ChromeDriver was started successfully on port 44819.
Feb 25, 2025 7:16:17 PM org.openqa.selenium.devtools.CdpVersionFinder findNearestMatch
WARNING: Unable to find CDP implementation matching 133
Feb 25, 2025 7:16:17 PM org.openqa.selenium.chromium.ChromiumDriver lambda$new$3
WARNING: Unable to find version of CDP to use for . You may need to include a dependency on a specific version of the CDP using something similar to `org.seleniumhq.selenium:selenium-devtools-v86:4.8.2` where the version ("v86") matches the version of the chromium-based browser you're using and the version number of the artifact is the same as Selenium's.
Feb 25, 2025 7:19:27 PM org.openqa.selenium.remote.http.WebSocket$Listener onError
WARNING: Connection reset
java.net.SocketException: Connection reset
	at java.base/sun.nio.ch.SocketChannelImpl.throwConnectionReset(SocketChannelImpl.java:403)
	at java.base/sun.nio.ch.SocketChannelImpl.implRead(SocketChannelImpl.java:435)
	at java.base/sun.nio.ch.SocketChannelImpl.read(SocketChannelImpl.java:493)
	at io.netty.buffer.PooledByteBuf.setBytes(PooledByteBuf.java:256)
	at io.netty.buffer.AbstractByteBuf.writeBytes(AbstractByteBuf.java:1132)
	at io.netty.channel.socket.nio.NioSocketChannel.doReadBytes(NioSocketChannel.java:357)
	at io.netty.channel.nio.AbstractNioByteChannel$NioByteUnsafe.read(AbstractNioByteChannel.java:151)
	at io.netty.channel.nio.NioEventLoop.processSelectedKey(NioEventLoop.java:788)
	at io.netty.channel.nio.NioEventLoop.processSelectedKeysOptimized(NioEventLoop.java:724)
	at io.netty.channel.nio.NioEventLoop.processSelectedKeys(NioEventLoop.java:650)
	at io.netty.channel.nio.NioEventLoop.run(NioEventLoop.java:562)
	at io.netty.util.concurrent.SingleThreadEventExecutor$4.run(SingleThreadEventExecutor.java:997)
	at io.netty.util.internal.ThreadExecutorMap$2.run(ThreadExecutorMap.java:74)
	at io.netty.util.concurrent.FastThreadLocalRunnable.run(FastThreadLocalRunnable.java:30)
	at java.base/java.lang.Thread.run(Thread.java:1575)

]]></system-err>
  </testcase>
  <testcase name="tearDownClass" classname="Runner.MyRunner" time="194.447">
    <failure message="Failed making field &apos;java.lang.Throwable#detailMessage&apos; accessible; either increase its visibility or write a custom TypeAdapter for its declaring type." type="com.google.gson.JsonIOException">com.google.gson.JsonIOException: Failed making field 'java.lang.Throwable#detailMessage' accessible; either increase its visibility or write a custom TypeAdapter for its declaring type.
Caused by: java.lang.reflect.InaccessibleObjectException: Unable to make field private java.lang.String java.lang.Throwable.detailMessage accessible: module java.base does not "opens java.lang" to unnamed module @25f7739c
</failure>
  </testcase>
</testsuite>