<?xml version="1.0" encoding="UTF-8"?>
<testng-results ignored="0" total="1" passed="1" failed="0" skipped="0">
  <reporter-output>
  </reporter-output>
  <suite started-at="2024-09-18T17:26:10 IST" name="Suite" finished-at="2024-09-18T17:27:32 IST" duration-ms="82644">
    <groups>
      <group name="cucumber">
        <method signature="AbstractTestNGCucumberTests.runScenario(io.cucumber.testng.PickleWrapper,io.cucumber.testng.FeatureWrapper)[pri:0, instance:Runner.MyRunner@5bf0d49]" name="runScenario" class="io.cucumber.testng.AbstractTestNGCucumberTests"/>
      </group> <!-- cucumber -->
    </groups>
    <test started-at="2024-09-18T17:26:10 IST" name="test1" finished-at="2024-09-18T17:27:32 IST" duration-ms="82644">
      <class name="Runner.MyRunner">
        <test-method is-config="true" signature="setUpClass(org.testng.ITestContext)[pri:0, instance:Runner.MyRunner@5bf0d49]" started-at="2024-09-18T17:26:10 IST" name="setUpClass" finished-at="2024-09-18T17:26:11 IST" duration-ms="1315" status="PASS">
          <params>
            <param index="0">
              <value>
                <![CDATA[org.testng.TestRunner@1e23ee0e]]>
              </value>
            </param>
          </params>
          <reporter-output>
          </reporter-output>
        </test-method> <!-- setUpClass -->
        <test-method signature="runScenario(io.cucumber.testng.PickleWrapper,io.cucumber.testng.FeatureWrapper)[pri:0, instance:Runner.MyRunner@5bf0d49]" started-at="2024-09-18T17:26:11 IST" name="runScenario" description="Runs Cucumber Scenarios" data-provider="scenarios" finished-at="2024-09-18T17:27:30 IST" duration-ms="78614" status="PASS">
          <params>
            <param index="0">
              <value>
                <![CDATA["Login as Service Scheduler and Verify the processing estimate creation"]]>
              </value>
            </param>
            <param index="1">
              <value>
                <![CDATA["Verify processing estimate creation"]]>
              </value>
            </param>
          </params>
          <reporter-output>
          </reporter-output>
        </test-method> <!-- runScenario -->
        <test-method is-config="true" signature="tearDownClass()[pri:0, instance:Runner.MyRunner@5bf0d49]" started-at="2024-09-18T17:27:30 IST" name="tearDownClass" finished-at="2024-09-18T17:27:32 IST" duration-ms="2653" status="PASS">
          <reporter-output>
          </reporter-output>
        </test-method> <!-- tearDownClass -->
      </class> <!-- Runner.MyRunner -->
    </test> <!-- test1 -->
  </suite> <!-- Suite -->
</testng-results>
