<?xml version="1.0" encoding="UTF-8"?>
<testng-results ignored="0" total="3" passed="3" failed="0" skipped="0">
  <reporter-output>
  </reporter-output>
  <suite started-at="2024-04-22T17:40:54 IST" name="Default suite" finished-at="2024-04-22T17:43:50 IST" duration-ms="176854">
    <groups>
      <group name="cucumber">
        <method signature="AbstractTestNGCucumberTests.runScenario(io.cucumber.testng.PickleWrapper,io.cucumber.testng.FeatureWrapper)[pri:0, instance:Runner.MyRunner@5542c4ed]" name="runScenario" class="io.cucumber.testng.AbstractTestNGCucumberTests"/>
      </group> <!-- cucumber -->
    </groups>
    <test started-at="2024-04-22T17:40:54 IST" name="Default test" finished-at="2024-04-22T17:43:50 IST" duration-ms="176854">
      <class name="Runner.MyRunner">
        <test-method is-config="true" signature="setUpClass(org.testng.ITestContext)[pri:0, instance:Runner.MyRunner@5542c4ed]" started-at="2024-04-22T17:40:54 IST" name="setUpClass" finished-at="2024-04-22T17:40:54 IST" duration-ms="675" status="PASS">
          <params>
            <param index="0">
              <value>
                <![CDATA[org.testng.TestRunner@715f45c6]]>
              </value>
            </param>
          </params>
          <reporter-output>
          </reporter-output>
        </test-method> <!-- setUpClass -->
        <test-method signature="runScenario(io.cucumber.testng.PickleWrapper,io.cucumber.testng.FeatureWrapper)[pri:0, instance:Runner.MyRunner@5542c4ed]" started-at="2024-04-22T17:40:54 IST" name="runScenario" description="Runs Cucumber Scenarios" data-provider="scenarios" finished-at="2024-04-22T17:42:02 IST" duration-ms="68070" status="PASS">
          <params>
            <param index="0">
              <value>
                <![CDATA["Create New Contact"]]>
              </value>
            </param>
            <param index="1">
              <value>
                <![CDATA["create contact in sales console and validate"]]>
              </value>
            </param>
          </params>
          <reporter-output>
          </reporter-output>
        </test-method> <!-- runScenario -->
        <test-method signature="runScenario(io.cucumber.testng.PickleWrapper,io.cucumber.testng.FeatureWrapper)[pri:0, instance:Runner.MyRunner@5542c4ed]" started-at="2024-04-22T17:42:02 IST" name="runScenario" description="Runs Cucumber Scenarios" data-provider="scenarios" finished-at="2024-04-22T17:43:01 IST" duration-ms="58345" status="PASS">
          <params>
            <param index="0">
              <value>
                <![CDATA["Create Prospecting Stage Opportunity"]]>
              </value>
            </param>
            <param index="1">
              <value>
                <![CDATA["create opportunity in sales console with different stages and validate"]]>
              </value>
            </param>
          </params>
          <reporter-output>
          </reporter-output>
        </test-method> <!-- runScenario -->
        <test-method signature="runScenario(io.cucumber.testng.PickleWrapper,io.cucumber.testng.FeatureWrapper)[pri:0, instance:Runner.MyRunner@5542c4ed]" started-at="2024-04-22T17:43:01 IST" name="runScenario" description="Runs Cucumber Scenarios" data-provider="scenarios" finished-at="2024-04-22T17:43:50 IST" duration-ms="49668" status="PASS">
          <params>
            <param index="0">
              <value>
                <![CDATA["Create New Task"]]>
              </value>
            </param>
            <param index="1">
              <value>
                <![CDATA["create task in sales console with different status and validate"]]>
              </value>
            </param>
          </params>
          <reporter-output>
          </reporter-output>
        </test-method> <!-- runScenario -->
        <test-method is-config="true" signature="tearDownClass()[pri:0, instance:Runner.MyRunner@5542c4ed]" started-at="2024-04-22T17:43:50 IST" name="tearDownClass" finished-at="2024-04-22T17:43:50 IST" duration-ms="32" status="PASS">
          <reporter-output>
          </reporter-output>
        </test-method> <!-- tearDownClass -->
      </class> <!-- Runner.MyRunner -->
    </test> <!-- Default test -->
  </suite> <!-- Default suite -->
</testng-results>
